6 1 - Code: 00000
5 1 - Code: 00001
4 1 - Code: 00010
3 1 - Code: 00011
2 1 - Code: 00100
1 1 - Code: 00101
i 3 - Code: 0011
  6 - Code: 010
a 3 - Code: 0110
0 1 - Code: 01110
r 2 - Code: 01111
e 4 - Code: 1000
u 2 - Code: 10010
w 1 - Code: 100110
h 1 - Code: 100111
n 1 - Code: 101000
z 1 - Code: 101001
o 1 - Code: 101010
m 1 - Code: 101011
b 1 - Code: 101100
s 1 - Code: 101101
v 1 - Code: 101110
, 1 - Code: 101111
q 1 - Code: 110000
c 1 - Code: 110001
k 1 - Code: 110010
l 1 - Code: 110011
y 1 - Code: 110100
f 1 - Code: 110101
x 1 - Code: 110110
j 1 - Code: 110111
d 1 - Code: 111000
g 1 - Code: 111001
p 1 - Code: 111010
t 1 - Code: 111011
. 1 - Code: 111100
9 1 - Code: 111101
8 1 - Code: 111110
7 1 - Code: 111111
Original: abc c
Compressed: 0110101100110001010110001
Decompressed: abc c

Original: MeSSSY,.-+= message*&@$%
Compressed: 1010111000101101101101101101110100101111111100010101011100010110110110101101110011000
Decompressed: messsy,. message

Original: Rotgut whiskey's gonna ease my mind Beach towel rests on the dryin' line
Compressed: 01111101010111011111001100101110110101001101001110011101101110010100011010010110101011100110101010100010100001100101000011010110110000101010111101000101010110011101000111000010101100100001101100011001110101110111010101001101000110011010011111000101101111011101101010101010101000010111011100111100001011100001111110100001110100001011001100111010001000
Decompressed: rotgut whiskeys gonna ease my mind beach towel rests on the dryin line

